2020-09-15 11:39:38 InitLog() Over 
2020-09-15 11:39:38 InitParm() DispTimer over 
2020-09-15 11:39:38 InitForm() hdntAbout hdntUserInfo over 
2020-09-15 11:39:38 InitStatusBar() over 
2020-09-15 11:39:38 InitMenuTool() over 
2020-09-15 11:39:38 InitWidget() over 
2020-09-15 11:39:38 InitSerial() over 
2020-09-15 11:39:38 InitUdp() over 
2020-09-15 11:39:38 InitDecode() over 
2020-09-15 11:39:38 InitFile() over 
2020-09-15 11:39:38 InitTerminal() over 
2020-09-15 11:39:38 hdntCharts over 
2020-09-15 11:39:38 hdntChartsXYSet over 
2020-09-15 11:39:38 InitCharts() over 
2020-09-15 11:39:38 InitCube() over 
2020-09-15 11:39:38 InitAeroInstrument() over 
2020-09-15 11:39:38 InitDataList() over 
2020-09-15 11:39:38 InitSoftSet() over 
2020-09-15 11:39:38 Init3DObject over 
2020-09-15 11:39:38 InitExtCon over 
2020-09-15 11:39:39 InitDevSet over 
2020-09-15 11:39:39 InitGNSSDisp() over 
2020-09-15 11:39:39 InitFileOpenSet() over 
2020-09-15 11:39:39 InitDataSolve() over 
2020-09-15 11:39:39 InitLicense() over 
2020-09-15 11:39:39 InitTimer() over 
2020-09-15 11:39:39 Start hdntCenter 
2020-09-15 11:39:39 on_StViewFileTool_Checked 
2020-09-15 11:39:39 on_StViewDevSet_Checked 
2020-09-15 11:39:39 on_StViewDataDisp_Checked 
2020-09-15 11:39:39 on_StViewSoftSet_Checked 
2020-09-15 11:39:39 on_WgDevStatus_Checked 
2020-09-15 11:39:39 on_WgDevList_Checked 
2020-09-15 11:39:40 Close hdntCenter 
